[18:23:23] [main/INFO] (FabricLoader/GameProvider) Loading Minecraft 1.19.2 with Fabric Loader 0.14.21
[18:23:23] [main/INFO] (FabricLoader) Loading 47 mods:
	- craftcraft 0.0.1-1.19
	- fabric-api 0.76.0+1.19.2
	- fabric-api-base 0.4.15+8f4e8eb390
	- fabric-api-lookup-api-v1 1.6.14+93d8cb8290
	- fabric-biome-api-v1 9.1.1+16f1e31390
	- fabric-block-api-v1 1.0.2+e415d50e90
	- fabric-blockrenderlayer-v1 1.1.25+cafc6e8e90
	- fabric-client-tags-api-v1 1.0.5+b35fea8390
	- fabric-command-api-v2 2.2.1+413cbbc790
	- fabric-content-registries-v0 3.5.2+7c6cd14d90
	- fabric-convention-tags-v1 1.3.0+4bc6e26290
	- fabric-crash-report-info-v1 0.2.8+aeb40ebe90
	- fabric-data-generation-api-v1 5.3.8+413cbbc790
	- fabric-dimensions-v1 2.1.35+0d0f210290
	- fabric-entity-events-v1 1.5.4+9244241690
	- fabric-events-interaction-v0 0.4.34+562bff6e90
	- fabric-game-rule-api-v1 1.0.24+b6b6abb490
	- fabric-gametest-api-v1 1.1.8+4d0d570390
	- fabric-item-api-v1 1.6.6+b7d1888890
	- fabric-item-groups-v0 0.3.39+9244241690
	- fabric-key-binding-api-v1 1.0.25+5c4fce2890
	- fabric-lifecycle-events-v1 2.2.4+1b46dc7890
	- fabric-loot-api-v2 1.1.13+83a8659290
	- fabric-message-api-v1 5.0.7+93d8cb8290
	- fabric-mining-level-api-v1 2.1.24+33fbc73890
	- fabric-models-v0 0.3.21+c6af733c90
	- fabric-networking-api-v1 1.2.11+10eb22f490
	- fabric-object-builder-api-v1 4.2.2+d8ef690890
	- fabric-particles-v1 1.0.14+4d0d570390
	- fabric-recipe-api-v1 1.0.1+413cbbc790
	- fabric-registry-sync-v0 0.9.32+9244241690
	- fabric-renderer-api-v1 1.2.1+1adbf27790
	- fabric-renderer-indigo 0.8.0+1adbf27790
	- fabric-rendering-data-attachment-v1 0.3.19+6e0787e690
	- fabric-rendering-fluids-v1 3.0.11+4d0d570390
	- fabric-rendering-v1 1.12.1+d8ef690890
	- fabric-resource-conditions-api-v1 2.1.2+aae9039d90
	- fabric-resource-loader-v0 0.8.4+edbdcddb90
	- fabric-screen-api-v1 1.0.32+4d0d570390
	- fabric-screen-handler-api-v1 1.3.7+1cc24b1b90
	- fabric-sound-api-v1 1.0.2+c4f28df590
	- fabric-textures-v0 1.0.24+aeb40ebe90
	- fabric-transfer-api-v1 2.1.6+413cbbc790
	- fabric-transitive-access-wideners-v1 1.3.3+08b73de490
	- fabricloader 0.14.21
	- java 17
	- minecraft 1.19.2
[18:23:23] [main/INFO] (FabricLoader/Mixin) SpongePowered MIXIN Subsystem Version=0.8.5 Source=file:/C:/Users/Piotr%20S/.gradle/caches/modules-2/files-2.1/net.fabricmc/sponge-mixin/0.12.5+mixin.0.8.5/8d31fb97c3e0cd7c8dad3441851c523bcfae6d8e/sponge-mixin-0.12.5+mixin.0.8.5.jar Service=Knot/Fabric Env=CLIENT
[18:23:23] [main/INFO] (FabricLoader/Mixin) Loaded Fabric development mappings for mixin remapper!
[18:23:23] [main/INFO] (FabricLoader/Mixin) Compatibility level set to JAVA_16
[18:23:23] [main/INFO] (FabricLoader/Mixin) Compatibility level set to JAVA_17
[18:23:27] [main/INFO] (Minecraft) Building optimized datafixer
[18:23:31] [Render thread/INFO] (Minecraft) Environment: authHost='https://authserver.mojang.com', accountsHost='https://api.mojang.com', sessionHost='https://sessionserver.mojang.com', servicesHost='https://api.minecraftservices.com', name='PROD'
[18:23:32] [Render thread/ERROR] (Minecraft) Failed to verify authentication
com.mojang.authlib.exceptions.InvalidCredentialsException: Status: 401
	at com.mojang.authlib.exceptions.MinecraftClientHttpException.toAuthenticationException(MinecraftClientHttpException.java:56) ~[authlib-3.11.49.jar:?]
	at com.mojang.authlib.yggdrasil.YggdrasilUserApiService.fetchProperties(YggdrasilUserApiService.java:155) ~[authlib-3.11.49.jar:?]
	at com.mojang.authlib.yggdrasil.YggdrasilUserApiService.<init>(YggdrasilUserApiService.java:55) ~[authlib-3.11.49.jar:?]
	at com.mojang.authlib.yggdrasil.YggdrasilAuthenticationService.createUserApiService(YggdrasilAuthenticationService.java:161) ~[authlib-3.11.49.jar:?]
	at net.minecraft.client.MinecraftClient.createUserApiService(MinecraftClient.java:711) [minecraft-merged-project-root-1.19.2-net.fabricmc.yarn.1_19_2.1.19.2+build.28-v2.jar:?]
	at net.minecraft.client.MinecraftClient.<init>(MinecraftClient.java:431) [minecraft-merged-project-root-1.19.2-net.fabricmc.yarn.1_19_2.1.19.2+build.28-v2.jar:?]
	at net.minecraft.client.main.Main.main(Main.java:205) [minecraft-merged-project-root-1.19.2-net.fabricmc.yarn.1_19_2.1.19.2+build.28-v2.jar:?]
	at net.minecraft.client.main.Main.main(Main.java:51) [minecraft-merged-project-root-1.19.2-net.fabricmc.yarn.1_19_2.1.19.2+build.28-v2.jar:?]
	at net.fabricmc.loader.impl.game.minecraft.MinecraftGameProvider.launch(MinecraftGameProvider.java:468) [fabric-loader-0.14.21.jar:?]
	at net.fabricmc.loader.impl.launch.knot.Knot.launch(Knot.java:74) [fabric-loader-0.14.21.jar:?]
	at net.fabricmc.loader.impl.launch.knot.KnotClient.main(KnotClient.java:23) [fabric-loader-0.14.21.jar:?]
	at net.fabricmc.devlaunchinjector.Main.main(Main.java:86) [dev-launch-injector-0.2.1+build.8.jar:?]
Caused by: com.mojang.authlib.exceptions.MinecraftClientHttpException: Status: 401
	at com.mojang.authlib.minecraft.client.MinecraftClient.readInputStream(MinecraftClient.java:85) ~[authlib-3.11.49.jar:?]
	at com.mojang.authlib.minecraft.client.MinecraftClient.get(MinecraftClient.java:48) ~[authlib-3.11.49.jar:?]
	at com.mojang.authlib.yggdrasil.YggdrasilUserApiService.fetchProperties(YggdrasilUserApiService.java:129) ~[authlib-3.11.49.jar:?]
	... 10 more
[18:23:32] [Render thread/INFO] (Minecraft) Setting user: Player270
[18:23:32] [Render thread/INFO] (Indigo) [Indigo] Registering Indigo renderer!
[18:23:33] [Render thread/INFO] (Minecraft) Backend library: LWJGL version 3.3.1 SNAPSHOT
[18:23:36] [Worker-Main-16/ERROR] (Minecraft) Failed to retrieve profile key pair
java.io.IOException: Could not retrieve profile key pair
	at net.minecraft.client.util.ProfileKeys.fetchKeyPair(ProfileKeys.java:130) ~[minecraft-merged-project-root-1.19.2-net.fabricmc.yarn.1_19_2.1.19.2+build.28-v2.jar:?]
	at net.minecraft.client.util.ProfileKeys.method_44291(ProfileKeys.java:69) ~[minecraft-merged-project-root-1.19.2-net.fabricmc.yarn.1_19_2.1.19.2+build.28-v2.jar:?]
	at java.util.concurrent.CompletableFuture$AsyncSupply.run(CompletableFuture.java:1768) [?:?]
	at java.util.concurrent.CompletableFuture$AsyncSupply.exec(CompletableFuture.java:1760) [?:?]
	at java.util.concurrent.ForkJoinTask.doExec(ForkJoinTask.java:373) [?:?]
	at java.util.concurrent.ForkJoinPool$WorkQueue.topLevelExec(ForkJoinPool.java:1182) [?:?]
	at java.util.concurrent.ForkJoinPool.scan(ForkJoinPool.java:1655) [?:?]
	at java.util.concurrent.ForkJoinPool.runWorker(ForkJoinPool.java:1622) [?:?]
	at java.util.concurrent.ForkJoinWorkerThread.run(ForkJoinWorkerThread.java:165) [?:?]
[18:23:36] [Render thread/INFO] (Minecraft) Reloading ResourceManager: Default, Fabric Mods (Fabric Data Generation API (v1), Fabric Crash Report Info (v1), Fabric Models (v0), Fabric Loader, Fabric Content Registries (v0), Fabric Screen API (v1), Fabric Particles (v1), Fabric Rendering Fluids (v1), Fabric Item Groups (v0), Fabric Recipe API (v1), Fabric Resource Conditions API (v1), Fabric Object Builder API (v1), Fabric Sound API (v1), Fabric Game Test API (v1), Fabric Transfer API (v1), Fabric Entity Events (v1), Fabric Resource Loader (v0), Fabric Transitive Access Wideners (v1), Fabric Command API (v2), Fabric Client Tags, Fabric API Base, Fabric Rendering Data Attachment (v1), Fabric Renderer API (v1), Fabric Lifecycle Events (v1), Fabric Textures (v0), Fabric Networking API (v1), Fabric Rendering (v1), Fabric API Lookup API (v1), Fabric API, Fabric Convention Tags, Fabric Message API (v1), Fabric Loot API (v2), Fabric Events Interaction (v0), Fabric Game Rule API (v1), Fabric Block API (v1), Fabric Renderer - Indigo, Fabric Item API (v1), Fabric Key Binding API (v1), Fabric Registry Sync (v0), Fabric Screen Handler API (v1), Fabric Biome API (v1), Fabric BlockRenderLayer Registration (v1), Fabric Dimensions API (v1), Fabric Mining Level API (v1))
[18:23:36] [Render thread/INFO] (craftcraft) This line is printed by an example mod mixin!
[18:23:36] [Realms Notification Availability checker #1/INFO] (Minecraft) Could not authorize you against Realms server: Invalid session id
[18:23:38] [Render thread/WARN] (Minecraft) Missing sound for event: minecraft:item.goat_horn.play
[18:23:38] [Render thread/WARN] (Minecraft) Missing sound for event: minecraft:entity.goat.screaming.horn_break
[18:23:38] [Render thread/INFO] (Minecraft) OpenAL initialized on device OpenAL Soft on G³oœniki (Scarlett 2i2 USB)
[18:23:38] [Render thread/INFO] (Minecraft) Sound engine started
[18:23:38] [Render thread/INFO] (Minecraft) Created: 1024x1024x4 minecraft:textures/atlas/blocks.png-atlas
[18:23:38] [Render thread/INFO] (Minecraft) Created: 256x128x4 minecraft:textures/atlas/signs.png-atlas
[18:23:38] [Render thread/INFO] (Minecraft) Created: 1024x512x4 minecraft:textures/atlas/banner_patterns.png-atlas
[18:23:38] [Render thread/INFO] (Minecraft) Created: 1024x512x4 minecraft:textures/atlas/shield_patterns.png-atlas
[18:23:38] [Render thread/INFO] (Minecraft) Created: 256x256x4 minecraft:textures/atlas/chest.png-atlas
[18:23:38] [Render thread/INFO] (Minecraft) Created: 512x256x4 minecraft:textures/atlas/beds.png-atlas
[18:23:38] [Render thread/INFO] (Minecraft) Created: 512x256x4 minecraft:textures/atlas/shulker_boxes.png-atlas
[18:23:39] [Render thread/WARN] (Minecraft) Shader rendertype_entity_translucent_emissive could not find sampler named Sampler2 in the specified shader program.
[18:23:39] [Render thread/INFO] (Minecraft) Created: 512x256x0 minecraft:textures/atlas/particles.png-atlas
[18:23:39] [Render thread/INFO] (Minecraft) Created: 256x256x0 minecraft:textures/atlas/paintings.png-atlas
[18:23:39] [Render thread/INFO] (Minecraft) Created: 256x128x0 minecraft:textures/atlas/mob_effects.png-atlas
[18:23:39] [Render thread/INFO] (craftcraft) This line is printed by an example mod mixin!
[18:23:44] [Worker-Bootstrap-11/INFO] (Minecraft) 4283 Datafixer optimizations took 16584 milliseconds
[18:24:32] [Render thread/INFO] (Minecraft) Loaded 7 recipes
[18:24:33] [Render thread/INFO] (Minecraft) Loaded 1179 advancements
[18:24:35] [Render thread/INFO] (Minecraft) Loaded 7 recipes
[18:24:35] [Render thread/INFO] (Minecraft) Loaded 1179 advancements
[18:24:35] [Worker-Main-25/ERROR] (Minecraft) Failed to retrieve profile key pair
java.io.IOException: Could not retrieve profile key pair
	at net.minecraft.client.util.ProfileKeys.fetchKeyPair(ProfileKeys.java:130) ~[minecraft-merged-project-root-1.19.2-net.fabricmc.yarn.1_19_2.1.19.2+build.28-v2.jar:?]
	at net.minecraft.client.util.ProfileKeys.method_44291(ProfileKeys.java:69) ~[minecraft-merged-project-root-1.19.2-net.fabricmc.yarn.1_19_2.1.19.2+build.28-v2.jar:?]
	at java.util.concurrent.CompletableFuture$AsyncSupply.run(CompletableFuture.java:1768) [?:?]
	at java.util.concurrent.CompletableFuture$AsyncSupply.exec(CompletableFuture.java:1760) [?:?]
	at java.util.concurrent.ForkJoinTask.doExec(ForkJoinTask.java:373) [?:?]
	at java.util.concurrent.ForkJoinPool$WorkQueue.topLevelExec(ForkJoinPool.java:1182) [?:?]
	at java.util.concurrent.ForkJoinPool.scan(ForkJoinPool.java:1655) [?:?]
	at java.util.concurrent.ForkJoinPool.runWorker(ForkJoinPool.java:1622) [?:?]
	at java.util.concurrent.ForkJoinWorkerThread.run(ForkJoinWorkerThread.java:165) [?:?]
[18:24:35] [Render thread/INFO] (BiomeModificationImpl) Applied 0 biome modifications to 0 of 63 new biomes in 2.486 ms
[18:24:35] [Server thread/INFO] (Minecraft) Starting integrated minecraft server version 1.19.2
[18:24:35] [Server thread/INFO] (Minecraft) Generating keypair
[18:24:43] [Server thread/INFO] (Minecraft) Preparing start region for dimension minecraft:overworld
[18:24:43] [Render thread/INFO] (Minecraft) Preparing spawn area: 0%
[18:24:43] [Render thread/INFO] (Minecraft) Preparing spawn area: 0%
[18:24:44] [Render thread/INFO] (Minecraft) Preparing spawn area: 1%
[18:24:44] [Render thread/INFO] (Minecraft) Preparing spawn area: 2%
[18:24:45] [Render thread/INFO] (Minecraft) Preparing spawn area: 5%
[18:24:45] [Render thread/INFO] (Minecraft) Preparing spawn area: 9%
[18:24:46] [Render thread/INFO] (Minecraft) Preparing spawn area: 14%
[18:24:46] [Render thread/INFO] (Minecraft) Preparing spawn area: 17%
[18:24:47] [Render thread/INFO] (Minecraft) Preparing spawn area: 22%
[18:24:47] [Render thread/INFO] (Minecraft) Preparing spawn area: 27%
[18:24:48] [Render thread/INFO] (Minecraft) Preparing spawn area: 33%
[18:24:48] [Render thread/INFO] (Minecraft) Preparing spawn area: 37%
[18:24:49] [Render thread/INFO] (Minecraft) Preparing spawn area: 43%
[18:24:49] [Render thread/INFO] (Minecraft) Preparing spawn area: 49%
[18:24:50] [Render thread/INFO] (Minecraft) Preparing spawn area: 55%
[18:24:50] [Render thread/INFO] (Minecraft) Preparing spawn area: 59%
[18:24:51] [Render thread/INFO] (Minecraft) Preparing spawn area: 62%
[18:24:51] [Render thread/INFO] (Minecraft) Preparing spawn area: 66%
[18:24:52] [Render thread/INFO] (Minecraft) Preparing spawn area: 69%
[18:24:52] [Render thread/INFO] (Minecraft) Preparing spawn area: 74%
[18:24:53] [Render thread/INFO] (Minecraft) Preparing spawn area: 81%
[18:24:53] [Render thread/INFO] (Minecraft) Preparing spawn area: 87%
[18:24:54] [Render thread/INFO] (Minecraft) Preparing spawn area: 93%
[18:24:54] [Render thread/INFO] (Minecraft) Time elapsed: 11436 ms
[18:24:54] [Server thread/INFO] (Minecraft) Changing view distance to 12, from 10
[18:24:54] [Server thread/INFO] (Minecraft) Changing simulation distance to 12, from 0
[18:24:55] [Server thread/INFO] (Minecraft) Player270[local:E:f15ab2ba] logged in with entity id 124 at (-28.5, 77.0, -5.5)
[18:24:55] [Server thread/INFO] (Minecraft) Player270 joined the game
[18:24:56] [Render thread/INFO] (Minecraft) Loaded 0 advancements
[18:24:57] [Server thread/INFO] (Minecraft) Saving and pausing game...
[18:24:57] [Server thread/INFO] (Minecraft) Saving chunks for level 'ServerLevel[New World]'/minecraft:overworld
[18:24:57] [Server thread/INFO] (Minecraft) Saving chunks for level 'ServerLevel[New World]'/minecraft:the_end
[18:24:57] [Server thread/INFO] (Minecraft) Saving chunks for level 'ServerLevel[New World]'/minecraft:the_nether
[18:40:57] [Render thread/INFO] (Minecraft) Stopping!
[18:40:57] [Server thread/INFO] (Minecraft) Player270 lost connection: Disconnected
[18:40:57] [Server thread/INFO] (Minecraft) Player270 left the game
[18:40:57] [Server thread/INFO] (Minecraft) Stopping singleplayer server as player logged out
[18:40:57] [Server thread/INFO] (Minecraft) Stopping server
[18:40:57] [Server thread/INFO] (Minecraft) Saving players
[18:40:57] [Server thread/INFO] (Minecraft) Saving worlds
[18:40:58] [Server thread/INFO] (Minecraft) Saving chunks for level 'ServerLevel[New World]'/minecraft:overworld
[18:40:59] [Server thread/INFO] (Minecraft) Saving chunks for level 'ServerLevel[New World]'/minecraft:the_end
[18:40:59] [Server thread/INFO] (Minecraft) Saving chunks for level 'ServerLevel[New World]'/minecraft:the_nether
[18:40:59] [Server thread/INFO] (Minecraft) ThreadedAnvilChunkStorage (New World): All chunks are saved
[18:40:59] [Server thread/INFO] (Minecraft) ThreadedAnvilChunkStorage (DIM1): All chunks are saved
[18:40:59] [Server thread/INFO] (Minecraft) ThreadedAnvilChunkStorage (DIM-1): All chunks are saved
[18:40:59] [Server thread/INFO] (Minecraft) ThreadedAnvilChunkStorage: All dimensions are saved
